生成启动时间为 2014/7/11 15:56:31。
     1>项目“D:\Documents\GitHub\baby\proj.win32\MyGame.vcxproj”在节点 2 上(Build 个目标)。
     1>ClCompile:
         D:\Program Files (x86)\Microsoft Visual Studio 11.0\VC\bin\CL.exe /c /ID:\Documents\GitHub\baby\cocos2d\cocos\2d\..\..\cocos\audio\include /ID:\Documents\GitHub\baby\cocos2d\cocos\2d\..\..\external /ID:\Documents\GitHub\baby\cocos2d\cocos\2d\..\..\external\chipmunk\include\chipmunk /ID:\Documents\GitHub\baby\cocos2d\cocos\2d\..\..\extensions /I..\Classes /I.. /ID:\Documents\GitHub\baby\cocos2d\cocos\2d\..\..\cocos /ID:\Documents\GitHub\baby\cocos2d\cocos\2d\..\..\cocos\platform\win32 /ID:\Documents\GitHub\baby\cocos2d\cocos\2d\..\..\cocos\platform\desktop /ID:\Documents\GitHub\baby\cocos2d\cocos\2d\..\..\external\glfw3\include\win32 /I"D:\Documents\GitHub\baby\cocos2d\cocos\2d\..\..\external\win32-specific\gles\include\OGLES" /ZI /nologo /W3 /WX- /MP /Od /Oy- /D WIN32 /D _DEBUG /D _WINDOWS /D _USE_MATH_DEFINES /D GL_GLEXT_PROTOTYPES /D CC_ENABLE_CHIPMUNK_INTEGRATION=1 /D COCOS2D_DEBUG=1 /D _CRT_SECURE_NO_WARNINGS /D _SCL_SECURE_NO_WARNINGS /D _VARIADIC_MAX=10 /D _UNICODE /D UNICODE /Gm- /EHsc /RTC1 /MDd /GS /fp:precise /Zc:wchar_t /Zc:forScope /Fo"Debug.win32\\" /Fd"Debug.win32\vc110.pdb" /Gd /TP /wd4267 /wd4251 /wd4244 /analyze- /errorReport:prompt ..\Classes\AppDelegate.cpp ..\Classes\Bullet.cpp ..\Classes\GameScene.cpp ..\Classes\StartScene.cpp ..\Classes\Tower.cpp
         AppDelegate.cpp
         Bullet.cpp
         GameScene.cpp
         StartScene.cpp
         Tower.cpp
       PreLinkEvent:
         if not exist "D:\Documents\GitHub\baby\proj.win32\Debug.win32\" mkdir "D:\Documents\GitHub\baby\proj.win32\Debug.win32\"
         xcopy /Y /Q "D:\Documents\GitHub\baby\cocos2d\cocos\2d\..\..\external\websockets\prebuilt\win32\*.*" "D:\Documents\GitHub\baby\proj.win32\Debug.win32\"
         :VCEnd
         复制了 2 个文件
       Link:
         D:\Program Files (x86)\Microsoft Visual Studio 11.0\VC\bin\link.exe /ERRORREPORT:PROMPT /OUT:"D:\Documents\GitHub\baby\proj.win32\Debug.win32\MyGame.exe" /INCREMENTAL /NOLOGO /LIBPATH:D:\Documents\GitHub\baby\proj.win32\Debug.win32\ /LIBPATH:D:\Documents\GitHub\baby\proj.win32\Debug.win32\ opengl32.lib glew32.lib libzlib.lib libpng.lib libjpeg.lib libtiff.lib libwebp.lib libiconv.lib glfw3.lib freetype250.lib winmm.lib ws2_32.lib kernel32.lib user32.lib gdi32.lib winspool.lib comdlg32.lib advapi32.lib shell32.lib ole32.lib oleaut32.lib uuid.lib odbc32.lib odbccp32.lib /MANIFEST /MANIFESTUAC:"level='asInvoker' uiAccess='false'" /manifest:embed /DEBUG /PDB:"D:\Documents\GitHub\baby\proj.win32\Debug.win32\MyGame.pdb" /SUBSYSTEM:WINDOWS /TLBID:1 /DYNAMICBASE /NXCOMPAT /IMPLIB:"D:\Documents\GitHub\baby\proj.win32\Debug.win32\MyGame.lib" /MACHINE:X86 /SAFESEH Debug.win32\game.res
         Debug.win32\AppDelegate.obj
         Debug.win32\Bullet.obj
         Debug.win32\Enemy.obj
         Debug.win32\GameScene.obj
         Debug.win32\Road.obj
         Debug.win32\StartScene.obj
         Debug.win32\Tower.obj
         Debug.win32\main.obj
         D:\Documents\GitHub\baby\proj.win32\Debug.win32\libcocos2d.lib
         D:\Documents\GitHub\baby\proj.win32\Debug.win32\libAudio.lib
         D:\Documents\GitHub\baby\proj.win32\Debug.win32\libchipmunk.lib
         MyGame.vcxproj -> D:\Documents\GitHub\baby\proj.win32\Debug.win32\MyGame.exe
     1>已完成生成项目“D:\Documents\GitHub\baby\proj.win32\MyGame.vcxproj”(Build 个目标)的操作。

生成成功。

已用时间 00:01:07.14
